<testsuites id="" name="" tests="10" failures="1" skipped="0" errors="0" time="54.888482">
<testsuite name="profile-navigation-test.spec.ts" timestamp="2025-06-18T17:36:47.104Z" hostname="chromium" tests="2" failures="0" skipped="0" time="27.12" errors="0">
<testcase name="Profile Navigation Test › Back to Dashboard button should be clickable and functional" classname="profile-navigation-test.spec.ts" time="16.726">
<system-out>
<![CDATA[🧪 Testing Profile Back to Dashboard button functionality...
📱 Navigating to Profile page...
✅ Successfully loaded Profile page
🎯 Testing main Back to Dashboard button...
✅ Back button is visible and enabled
✅ Successfully navigated back to dashboard
⌨️ Testing Escape key shortcut...
✅ Escape key navigation working
📋 Testing sidebar Dashboard button...
✅ Sidebar Dashboard button working
🔧 Testing section-level Dashboard buttons...
✅ Section Dashboard button working
🎉 All Profile navigation tests passed!
]]>
</system-out>
</testcase>
<testcase name="Profile Navigation Test › Navigation buttons have proper accessibility" classname="profile-navigation-test.spec.ts" time="10.394">
<system-out>
<![CDATA[♿ Testing navigation accessibility...
✅ Aria-label is properly set
✅ Title attribute is properly set
✅ Button type is properly set
✅ Button can receive focus
🎉 Navigation accessibility tests passed!
]]>
</system-out>
</testcase>
</testsuite>
<testsuite name="profile-navigation-test.spec.ts" timestamp="2025-06-18T17:36:47.104Z" hostname="firefox" tests="2" failures="0" skipped="0" time="29.475" errors="0">
<testcase name="Profile Navigation Test › Back to Dashboard button should be clickable and functional" classname="profile-navigation-test.spec.ts" time="19.096">
<system-out>
<![CDATA[🧪 Testing Profile Back to Dashboard button functionality...
📱 Navigating to Profile page...
✅ Successfully loaded Profile page
🎯 Testing main Back to Dashboard button...
✅ Back button is visible and enabled
✅ Successfully navigated back to dashboard
⌨️ Testing Escape key shortcut...
✅ Escape key navigation working
📋 Testing sidebar Dashboard button...
✅ Sidebar Dashboard button working
🔧 Testing section-level Dashboard buttons...
✅ Section Dashboard button working
🎉 All Profile navigation tests passed!
]]>
</system-out>
</testcase>
<testcase name="Profile Navigation Test › Navigation buttons have proper accessibility" classname="profile-navigation-test.spec.ts" time="10.379">
<system-out>
<![CDATA[♿ Testing navigation accessibility...
✅ Aria-label is properly set
✅ Title attribute is properly set
✅ Button type is properly set
✅ Button can receive focus
🎉 Navigation accessibility tests passed!
]]>
</system-out>
</testcase>
</testsuite>
<testsuite name="profile-navigation-test.spec.ts" timestamp="2025-06-18T17:36:47.104Z" hostname="webkit" tests="2" failures="0" skipped="0" time="34.516" errors="0">
<testcase name="Profile Navigation Test › Back to Dashboard button should be clickable and functional" classname="profile-navigation-test.spec.ts" time="19.495">
<system-out>
<![CDATA[🧪 Testing Profile Back to Dashboard button functionality...
📱 Navigating to Profile page...
✅ Successfully loaded Profile page
🎯 Testing main Back to Dashboard button...
✅ Back button is visible and enabled
✅ Successfully navigated back to dashboard
⌨️ Testing Escape key shortcut...
✅ Escape key navigation working
📋 Testing sidebar Dashboard button...
✅ Sidebar Dashboard button working
🔧 Testing section-level Dashboard buttons...
✅ Section Dashboard button working
🎉 All Profile navigation tests passed!
]]>
</system-out>
</testcase>
<testcase name="Profile Navigation Test › Navigation buttons have proper accessibility" classname="profile-navigation-test.spec.ts" time="15.021">
<system-out>
<![CDATA[♿ Testing navigation accessibility...
✅ Aria-label is properly set
✅ Title attribute is properly set
✅ Button type is properly set
✅ Button can receive focus
🎉 Navigation accessibility tests passed!
]]>
</system-out>
</testcase>
</testsuite>
<testsuite name="profile-navigation-test.spec.ts" timestamp="2025-06-18T17:36:47.104Z" hostname="Mobile Chrome" tests="2" failures="1" skipped="0" time="32.109" errors="0">
<testcase name="Profile Navigation Test › Back to Dashboard button should be clickable and functional" classname="profile-navigation-test.spec.ts" time="24.505">
<failure message="profile-navigation-test.spec.ts:4:3 Back to Dashboard button should be clickable and functional" type="FAILURE">
<![CDATA[  [Mobile Chrome] › profile-navigation-test.spec.ts:4:3 › Profile Navigation Test › Back to Dashboard button should be clickable and functional 

    Error: Timed out 10000ms waiting for expect(locator).toHaveURL(expected)

    Locator: locator(':root')
    Expected string: "http://localhost:5173/"
    Received string: "http://localhost:5173/profile"
    Call log:
      - Expect "toHaveURL" with timeout 10000ms
      - waiting for locator(':root')
        14 × locator resolved to <html lang="en" class="dark">…</html>
           - unexpected value "http://localhost:5173/profile"


      41 |     await page.keyboard.press('Escape');
      42 |     await page.waitForLoadState('networkidle');
    > 43 |     await expect(page).toHaveURL('/');
         |                        ^
      44 |     console.log('✅ Escape key navigation working');
      45 |     
      46 |     // Test sidebar Dashboard button
        at /Users/damon/liquid-spark-finance/liquid-spark-finance/e2e/profile-navigation-test.spec.ts:43:24

    attachment #1: screenshot (image/png) ──────────────────────────────────────────────────────────
    test-results/profile-navigation-test-Pr-dadb0-be-clickable-and-functional-Mobile-Chrome/test-failed-1.png
    ────────────────────────────────────────────────────────────────────────────────────────────────

    attachment #2: video (video/webm) ──────────────────────────────────────────────────────────────
    test-results/profile-navigation-test-Pr-dadb0-be-clickable-and-functional-Mobile-Chrome/video.webm
    ────────────────────────────────────────────────────────────────────────────────────────────────

    Error Context: ../test-results/profile-navigation-test-Pr-dadb0-be-clickable-and-functional-Mobile-Chrome/error-context.md
]]>
</failure>
<system-out>
<![CDATA[🧪 Testing Profile Back to Dashboard button functionality...
📱 Navigating to Profile page...
✅ Successfully loaded Profile page
🎯 Testing main Back to Dashboard button...
✅ Back button is visible and enabled
✅ Successfully navigated back to dashboard
⌨️ Testing Escape key shortcut...

[[ATTACHMENT|profile-navigation-test-Pr-dadb0-be-clickable-and-functional-Mobile-Chrome/test-failed-1.png]]

[[ATTACHMENT|profile-navigation-test-Pr-dadb0-be-clickable-and-functional-Mobile-Chrome/video.webm]]

[[ATTACHMENT|profile-navigation-test-Pr-dadb0-be-clickable-and-functional-Mobile-Chrome/error-context.md]]
]]>
</system-out>
</testcase>
<testcase name="Profile Navigation Test › Navigation buttons have proper accessibility" classname="profile-navigation-test.spec.ts" time="7.604">
<system-out>
<![CDATA[♿ Testing navigation accessibility...
✅ Aria-label is properly set
✅ Title attribute is properly set
✅ Button type is properly set
✅ Button can receive focus
🎉 Navigation accessibility tests passed!
]]>
</system-out>
</testcase>
</testsuite>
<testsuite name="profile-navigation-test.spec.ts" timestamp="2025-06-18T17:36:47.104Z" hostname="Mobile Safari" tests="2" failures="0" skipped="0" time="13.12" errors="0">
<testcase name="Profile Navigation Test › Back to Dashboard button should be clickable and functional" classname="profile-navigation-test.spec.ts" time="8.81">
<system-out>
<![CDATA[🧪 Testing Profile Back to Dashboard button functionality...
📱 Navigating to Profile page...
✅ Successfully loaded Profile page
🎯 Testing main Back to Dashboard button...
✅ Back button is visible and enabled
✅ Successfully navigated back to dashboard
⌨️ Testing Escape key shortcut...
✅ Escape key navigation working
📋 Testing sidebar Dashboard button...
✅ Sidebar Dashboard button working
🔧 Testing section-level Dashboard buttons...
✅ Section Dashboard button working
🎉 All Profile navigation tests passed!
]]>
</system-out>
</testcase>
<testcase name="Profile Navigation Test › Navigation buttons have proper accessibility" classname="profile-navigation-test.spec.ts" time="4.31">
<system-out>
<![CDATA[♿ Testing navigation accessibility...
✅ Aria-label is properly set
✅ Title attribute is properly set
✅ Button type is properly set
✅ Button can receive focus
🎉 Navigation accessibility tests passed!
]]>
</system-out>
</testcase>
</testsuite>
</testsuites>