<testsuites id="" name="" tests="65" failures="33" skipped="32" errors="0" time="601.845463">
<testsuite name="biometrics-unification.spec.ts" timestamp="2025-06-19T15:50:35.686Z" hostname="chromium" tests="13" failures="13" skipped="0" time="255.768" errors="0">
<testcase name="Biometrics &amp; Wellness Unification › Dashboard renders synchronized stress and wellness metrics" classname="biometrics-unification.spec.ts" time="24.535">
<failure message="biometrics-unification.spec.ts:12:3 Dashboard renders synchronized stress and wellness metrics" type="FAILURE">
<![CDATA[  [chromium] › biometrics-unification.spec.ts:12:3 › Biometrics & Wellness Unification › Dashboard renders synchronized stress and wellness metrics 

    Error: expect.toBeVisible: Unexpected token "=" while parsing css selector "[data-testid="stress-index"], .stress-metric, text=Stress". Did you mean to CSS.escape it?
    Call log:
      - Expect "toBeVisible" with timeout 10000ms
      - waiting for [data-testid="stress-index"], .stress-metric, text=Stress >> nth=0


      16 |     // Check that stress index is present and numeric
      17 |     const stressElement = page.locator('[data-testid="stress-index"], .stress-metric, text=Stress').first();
    > 18 |     await expect(stressElement).toBeVisible();
         |                                 ^
      19 |     
      20 |     // Extract stress value - should be numeric 0-100
      21 |     const stressText = await page.locator('text=/Stress.*\\d+/').first().textContent();
        at /Users/damon/liquid-spark-finance/liquid-spark-finance/e2e/biometrics-unification.spec.ts:18:33

    attachment #1: screenshot (image/png) ──────────────────────────────────────────────────────────
    test-results/biometrics-unification-Bio-7cf83-stress-and-wellness-metrics-chromium/test-failed-1.png
    ────────────────────────────────────────────────────────────────────────────────────────────────

    attachment #2: video (video/webm) ──────────────────────────────────────────────────────────────
    test-results/biometrics-unification-Bio-7cf83-stress-and-wellness-metrics-chromium/video.webm
    ────────────────────────────────────────────────────────────────────────────────────────────────

    Error Context: ../test-results/biometrics-unification-Bio-7cf83-stress-and-wellness-metrics-chromium/error-context.md
]]>
</failure>
<system-out>
<![CDATA[
[[ATTACHMENT|biometrics-unification-Bio-7cf83-stress-and-wellness-metrics-chromium/test-failed-1.png]]

[[ATTACHMENT|biometrics-unification-Bio-7cf83-stress-and-wellness-metrics-chromium/video.webm]]

[[ATTACHMENT|biometrics-unification-Bio-7cf83-stress-and-wellness-metrics-chromium/error-context.md]]
]]>
</system-out>
</testcase>
<testcase name="Biometrics &amp; Wellness Unification › Mock accounts render correctly on dashboard" classname="biometrics-unification.spec.ts" time="34.07">
<failure message="biometrics-unification.spec.ts:58:3 Mock accounts render correctly on dashboard" type="FAILURE">
<![CDATA[  [chromium] › biometrics-unification.spec.ts:58:3 › Biometrics & Wellness Unification › Mock accounts render correctly on dashboard 

    Test timeout of 30000ms exceeded.

    Error: expect(locator).toBeVisible()

    Locator: locator('text=Linked Bank Accounts, text=Mock Mode, text=accounts').first()
    Expected: visible
    Received: <element(s) not found>
    Call log:
      - Expect "toBeVisible" with timeout 5000ms
      - waiting for locator('text=Linked Bank Accounts, text=Mock Mode, text=accounts').first()


      59 |     // Look for the LinkedAccountsCard or any account display
      60 |     const accountsSection = page.locator('text=Linked Bank Accounts, text=Mock Mode, text=accounts').first();
    > 61 |     await expect(accountsSection).toBeVisible({ timeout: 5000 });
         |                                   ^
      62 |
      63 |     // Check that we have 5 mock accounts as specified in fixture
      64 |     const accountElements = page.locator('.account-item, [data-testid="account-card"]');
        at /Users/damon/liquid-spark-finance/liquid-spark-finance/e2e/biometrics-unification.spec.ts:61:35

    attachment #1: screenshot (image/png) ──────────────────────────────────────────────────────────
    test-results/biometrics-unification-Bio-4096e-nder-correctly-on-dashboard-chromium/test-failed-1.png
    ────────────────────────────────────────────────────────────────────────────────────────────────

    attachment #2: video (video/webm) ──────────────────────────────────────────────────────────────
    test-results/biometrics-unification-Bio-4096e-nder-correctly-on-dashboard-chromium/video.webm
    ────────────────────────────────────────────────────────────────────────────────────────────────

    Error Context: ../test-results/biometrics-unification-Bio-4096e-nder-correctly-on-dashboard-chromium/error-context.md
]]>
</failure>
<system-out>
<![CDATA[
[[ATTACHMENT|biometrics-unification-Bio-4096e-nder-correctly-on-dashboard-chromium/test-failed-1.png]]

[[ATTACHMENT|biometrics-unification-Bio-4096e-nder-correctly-on-dashboard-chromium/video.webm]]

[[ATTACHMENT|biometrics-unification-Bio-4096e-nder-correctly-on-dashboard-chromium/error-context.md]]
]]>
</system-out>
</testcase>
<testcase name="Biometrics &amp; Wellness Unification › Biometric cards display real-time updates" classname="biometrics-unification.spec.ts" time="33.713">
<failure message="biometrics-unification.spec.ts:95:3 Biometric cards display real-time updates" type="FAILURE">
<![CDATA[  [chromium] › biometrics-unification.spec.ts:95:3 › Biometrics & Wellness Unification › Biometric cards display real-time updates 

    Test timeout of 30000ms exceeded.

    Error: expect(locator).toBeVisible()

    Locator: locator('text=Biometric Monitor').locator('..').locator('..')
    Expected: visible
    Received: <element(s) not found>
    Call log:
      - Expect "toBeVisible" with timeout 10000ms
      - waiting for locator('text=Biometric Monitor').locator('..').locator('..')


       99 |     // Find biometric monitor card
      100 |     const biometricCard = page.locator('text=Biometric Monitor').locator('..').locator('..');
    > 101 |     await expect(biometricCard).toBeVisible();
          |                                 ^
      102 |
      103 |     // Check for heart rate display
      104 |     const heartRateElement = page.locator('text=/Heart Rate|HR|\\d+ bpm/');
        at /Users/damon/liquid-spark-finance/liquid-spark-finance/e2e/biometrics-unification.spec.ts:101:33

    attachment #1: screenshot (image/png) ──────────────────────────────────────────────────────────
    test-results/biometrics-unification-Bio-8a410-s-display-real-time-updates-chromium/test-failed-1.png
    ────────────────────────────────────────────────────────────────────────────────────────────────

    attachment #2: video (video/webm) ──────────────────────────────────────────────────────────────
    test-results/biometrics-unification-Bio-8a410-s-display-real-time-updates-chromium/video.webm
    ────────────────────────────────────────────────────────────────────────────────────────────────

    Error Context: ../test-results/biometrics-unification-Bio-8a410-s-display-real-time-updates-chromium/error-context.md
]]>
</failure>
<system-out>
<![CDATA[
[[ATTACHMENT|biometrics-unification-Bio-8a410-s-display-real-time-updates-chromium/test-failed-1.png]]

[[ATTACHMENT|biometrics-unification-Bio-8a410-s-display-real-time-updates-chromium/video.webm]]

[[ATTACHMENT|biometrics-unification-Bio-8a410-s-display-real-time-updates-chromium/error-context.md]]
]]>
</system-out>
</testcase>
<testcase name="Biometrics &amp; Wellness Unification › Wellness score card shows detailed breakdown" classname="biometrics-unification.spec.ts" time="31.379">
<failure message="biometrics-unification.spec.ts:120:3 Wellness score card shows detailed breakdown" type="FAILURE">
<![CDATA[  [chromium] › biometrics-unification.spec.ts:120:3 › Biometrics & Wellness Unification › Wellness score card shows detailed breakdown 

    Error: Timed out 10000ms waiting for expect(locator).toBeVisible()

    Locator: locator('text=Wellness Score').locator('..').locator('..')
    Expected: visible
    Received: <element(s) not found>
    Call log:
      - Expect "toBeVisible" with timeout 10000ms
      - waiting for locator('text=Wellness Score').locator('..').locator('..')


      124 |     // Find wellness score card
      125 |     const wellnessCard = page.locator('text=Wellness Score').locator('..').locator('..');
    > 126 |     await expect(wellnessCard).toBeVisible();
          |                                ^
      127 |
      128 |     // Check for circular progress indicator
      129 |     const circularProgress = page.locator('svg circle[stroke-dasharray]');
        at /Users/damon/liquid-spark-finance/liquid-spark-finance/e2e/biometrics-unification.spec.ts:126:32

    attachment #1: screenshot (image/png) ──────────────────────────────────────────────────────────
    test-results/biometrics-unification-Bio-11341-rd-shows-detailed-breakdown-chromium/test-failed-1.png
    ────────────────────────────────────────────────────────────────────────────────────────────────

    attachment #2: video (video/webm) ──────────────────────────────────────────────────────────────
    test-results/biometrics-unification-Bio-11341-rd-shows-detailed-breakdown-chromium/video.webm
    ────────────────────────────────────────────────────────────────────────────────────────────────

    Error Context: ../test-results/biometrics-unification-Bio-11341-rd-shows-detailed-breakdown-chromium/error-context.md
]]>
</failure>
<system-out>
<![CDATA[
[[ATTACHMENT|biometrics-unification-Bio-11341-rd-shows-detailed-breakdown-chromium/test-failed-1.png]]

[[ATTACHMENT|biometrics-unification-Bio-11341-rd-shows-detailed-breakdown-chromium/video.webm]]

[[ATTACHMENT|biometrics-unification-Bio-11341-rd-shows-detailed-breakdown-chromium/error-context.md]]
]]>
</system-out>
</testcase>
<testcase name="Biometrics &amp; Wellness Unification › Cards maintain Eco Impact styling (dark mode)" classname="biometrics-unification.spec.ts" time="14.836">
<failure message="biometrics-unification.spec.ts:147:3 Cards maintain Eco Impact styling (dark mode)" type="FAILURE">
<![CDATA[  [chromium] › biometrics-unification.spec.ts:147:3 › Biometrics & Wellness Unification › Cards maintain Eco Impact styling (dark mode) 

    Error: Timed out 10000ms waiting for expect(locator).toHaveClass(expected)

    Locator: locator('body')
    Expected pattern: /bg-black|bg-gray-900/
    Received string:  ""
    Call log:
      - Expect "toHaveClass" with timeout 10000ms
      - waiting for locator('body')
        12 × locator resolved to <body>…</body>
           - unexpected value ""


      148 |     // Verify dark mode styling is applied
      149 |     const body = page.locator('body');
    > 150 |     await expect(body).toHaveClass(/bg-black|bg-gray-900/);
          |                        ^
      151 |
      152 |     // Check card styling matches Eco Impact pattern
      153 |     const cards = page.locator('.bg-white\\/\\[0\\.02\\], .bg-white\\/\\[0\\.03\\]');
        at /Users/damon/liquid-spark-finance/liquid-spark-finance/e2e/biometrics-unification.spec.ts:150:24

    attachment #1: screenshot (image/png) ──────────────────────────────────────────────────────────
    test-results/biometrics-unification-Bio-988f3-o-Impact-styling-dark-mode--chromium/test-failed-1.png
    ────────────────────────────────────────────────────────────────────────────────────────────────

    attachment #2: video (video/webm) ──────────────────────────────────────────────────────────────
    test-results/biometrics-unification-Bio-988f3-o-Impact-styling-dark-mode--chromium/video.webm
    ────────────────────────────────────────────────────────────────────────────────────────────────

    Error Context: ../test-results/biometrics-unification-Bio-988f3-o-Impact-styling-dark-mode--chromium/error-context.md
]]>
</failure>
<system-out>
<![CDATA[
[[ATTACHMENT|biometrics-unification-Bio-988f3-o-Impact-styling-dark-mode--chromium/test-failed-1.png]]

[[ATTACHMENT|biometrics-unification-Bio-988f3-o-Impact-styling-dark-mode--chromium/video.webm]]

[[ATTACHMENT|biometrics-unification-Bio-988f3-o-Impact-styling-dark-mode--chromium/error-context.md]]
]]>
</system-out>
</testcase>
<testcase name="Biometrics &amp; Wellness Unification › Performance: synchronized metrics update within 50ms" classname="biometrics-unification.spec.ts" time="7.901">
<failure message="biometrics-unification.spec.ts:169:3 Performance: synchronized metrics update within 50ms" type="FAILURE">
<![CDATA[  [chromium] › biometrics-unification.spec.ts:169:3 › Biometrics & Wellness Unification › Performance: synchronized metrics update within 50ms 

    TypeError: expect(...).toHaveCount.atLeast is not a function

      193 |     // Verify both metrics are updated (timestamps should be close)
      194 |     const updatedElements = page.locator('text=/Updated.*\\d{1,2}:\\d{2}/');
    > 195 |     await expect(updatedElements).toHaveCount.atLeast(1);
          |                                               ^
      196 |   });
      197 |
      198 |   test('Mock accounts load with environment variable check', async ({ page }) => {
        at /Users/damon/liquid-spark-finance/liquid-spark-finance/e2e/biometrics-unification.spec.ts:195:47

    attachment #1: screenshot (image/png) ──────────────────────────────────────────────────────────
    test-results/biometrics-unification-Bio-bebae--metrics-update-within-50ms-chromium/test-failed-1.png
    ────────────────────────────────────────────────────────────────────────────────────────────────

    attachment #2: video (video/webm) ──────────────────────────────────────────────────────────────
    test-results/biometrics-unification-Bio-bebae--metrics-update-within-50ms-chromium/video.webm
    ────────────────────────────────────────────────────────────────────────────────────────────────

    Error Context: ../test-results/biometrics-unification-Bio-bebae--metrics-update-within-50ms-chromium/error-context.md
]]>
</failure>
<system-out>
<![CDATA[
[[ATTACHMENT|biometrics-unification-Bio-bebae--metrics-update-within-50ms-chromium/test-failed-1.png]]

[[ATTACHMENT|biometrics-unification-Bio-bebae--metrics-update-within-50ms-chromium/video.webm]]

[[ATTACHMENT|biometrics-unification-Bio-bebae--metrics-update-within-50ms-chromium/error-context.md]]
]]>
</system-out>
</testcase>
<testcase name="Biometrics &amp; Wellness Unification › Mock accounts load with environment variable check" classname="biometrics-unification.spec.ts" time="17.299">
<failure message="biometrics-unification.spec.ts:198:3 Mock accounts load with environment variable check" type="FAILURE">
<![CDATA[  [chromium] › biometrics-unification.spec.ts:198:3 › Biometrics & Wellness Unification › Mock accounts load with environment variable check 

    Error: Timed out 10000ms waiting for expect(locator).toBeVisible()

    Locator: locator('text=No Linked Accounts, text=Enable mock mode')
    Expected: visible
    Received: <element(s) not found>
    Call log:
      - Expect "toBeVisible" with timeout 10000ms
      - waiting for locator('text=No Linked Accounts, text=Enable mock mode')


      203 |     // Should show empty state or no mock accounts
      204 |     const noMockMessage = page.locator('text=No Linked Accounts, text=Enable mock mode');
    > 205 |     await expect(noMockMessage).toBeVisible();
          |                                 ^
      206 |
      207 |     // Now test with mock=true parameter
      208 |     await page.goto('/?mock=true');
        at /Users/damon/liquid-spark-finance/liquid-spark-finance/e2e/biometrics-unification.spec.ts:205:33

    attachment #1: screenshot (image/png) ──────────────────────────────────────────────────────────
    test-results/biometrics-unification-Bio-f3240--environment-variable-check-chromium/test-failed-1.png
    ────────────────────────────────────────────────────────────────────────────────────────────────

    attachment #2: video (video/webm) ──────────────────────────────────────────────────────────────
    test-results/biometrics-unification-Bio-f3240--environment-variable-check-chromium/video.webm
    ────────────────────────────────────────────────────────────────────────────────────────────────

    Error Context: ../test-results/biometrics-unification-Bio-f3240--environment-variable-check-chromium/error-context.md
]]>
</failure>
<system-out>
<![CDATA[
[[ATTACHMENT|biometrics-unification-Bio-f3240--environment-variable-check-chromium/test-failed-1.png]]

[[ATTACHMENT|biometrics-unification-Bio-f3240--environment-variable-check-chromium/video.webm]]

[[ATTACHMENT|biometrics-unification-Bio-f3240--environment-variable-check-chromium/error-context.md]]
]]>
</system-out>
</testcase>
<testcase name="Responsive Design - Mobile to Desktop › Biometric cards render correctly on Mobile" classname="biometrics-unification.spec.ts" time="16.28">
<failure message="biometrics-unification.spec.ts:240:5 Biometric cards render correctly on Mobile" type="FAILURE">
<![CDATA[  [chromium] › biometrics-unification.spec.ts:240:5 › Responsive Design - Mobile to Desktop › Biometric cards render correctly on Mobile 

    Error: Timed out 10000ms waiting for expect(locator).toBeVisible()

    Locator: locator('text=Biometric Monitor, text=Stress, text=Wellness Score').first()
    Expected: visible
    Received: <element(s) not found>
    Call log:
      - Expect "toBeVisible" with timeout 10000ms
      - waiting for locator('text=Biometric Monitor, text=Stress, text=Wellness Score').first()


      246 |       // Check that biometric components are visible
      247 |       const biometricElement = page.locator('text=Biometric Monitor, text=Stress, text=Wellness Score').first();
    > 248 |       await expect(biometricElement).toBeVisible();
          |                                      ^
      249 |
      250 |       // Verify cards don't overflow horizontally
      251 |       const cards = page.locator('.bg-white\\/\\[0\\.02\\]');
        at /Users/damon/liquid-spark-finance/liquid-spark-finance/e2e/biometrics-unification.spec.ts:248:38

    attachment #1: screenshot (image/png) ──────────────────────────────────────────────────────────
    test-results/biometrics-unification-Res-844ff--render-correctly-on-Mobile-chromium/test-failed-1.png
    ────────────────────────────────────────────────────────────────────────────────────────────────

    attachment #2: video (video/webm) ──────────────────────────────────────────────────────────────
    test-results/biometrics-unification-Res-844ff--render-correctly-on-Mobile-chromium/video.webm
    ────────────────────────────────────────────────────────────────────────────────────────────────

    Error Context: ../test-results/biometrics-unification-Res-844ff--render-correctly-on-Mobile-chromium/error-context.md
]]>
</failure>
<system-out>
<![CDATA[
[[ATTACHMENT|biometrics-unification-Res-844ff--render-correctly-on-Mobile-chromium/test-failed-1.png]]

[[ATTACHMENT|biometrics-unification-Res-844ff--render-correctly-on-Mobile-chromium/video.webm]]

[[ATTACHMENT|biometrics-unification-Res-844ff--render-correctly-on-Mobile-chromium/error-context.md]]
]]>
</system-out>
</testcase>
<testcase name="Responsive Design - Mobile to Desktop › Biometric cards render correctly on Tablet" classname="biometrics-unification.spec.ts" time="15.59">
<failure message="biometrics-unification.spec.ts:240:5 Biometric cards render correctly on Tablet" type="FAILURE">
<![CDATA[  [chromium] › biometrics-unification.spec.ts:240:5 › Responsive Design - Mobile to Desktop › Biometric cards render correctly on Tablet 

    Error: Timed out 10000ms waiting for expect(locator).toBeVisible()

    Locator: locator('text=Biometric Monitor, text=Stress, text=Wellness Score').first()
    Expected: visible
    Received: <element(s) not found>
    Call log:
      - Expect "toBeVisible" with timeout 10000ms
      - waiting for locator('text=Biometric Monitor, text=Stress, text=Wellness Score').first()


      246 |       // Check that biometric components are visible
      247 |       const biometricElement = page.locator('text=Biometric Monitor, text=Stress, text=Wellness Score').first();
    > 248 |       await expect(biometricElement).toBeVisible();
          |                                      ^
      249 |
      250 |       // Verify cards don't overflow horizontally
      251 |       const cards = page.locator('.bg-white\\/\\[0\\.02\\]');
        at /Users/damon/liquid-spark-finance/liquid-spark-finance/e2e/biometrics-unification.spec.ts:248:38

    attachment #1: screenshot (image/png) ──────────────────────────────────────────────────────────
    test-results/biometrics-unification-Res-3fd3f--render-correctly-on-Tablet-chromium/test-failed-1.png
    ────────────────────────────────────────────────────────────────────────────────────────────────

    attachment #2: video (video/webm) ──────────────────────────────────────────────────────────────
    test-results/biometrics-unification-Res-3fd3f--render-correctly-on-Tablet-chromium/video.webm
    ────────────────────────────────────────────────────────────────────────────────────────────────

    Error Context: ../test-results/biometrics-unification-Res-3fd3f--render-correctly-on-Tablet-chromium/error-context.md
]]>
</failure>
<system-out>
<![CDATA[
[[ATTACHMENT|biometrics-unification-Res-3fd3f--render-correctly-on-Tablet-chromium/test-failed-1.png]]

[[ATTACHMENT|biometrics-unification-Res-3fd3f--render-correctly-on-Tablet-chromium/video.webm]]

[[ATTACHMENT|biometrics-unification-Res-3fd3f--render-correctly-on-Tablet-chromium/error-context.md]]
]]>
</system-out>
</testcase>
<testcase name="Responsive Design - Mobile to Desktop › Biometric cards render correctly on Desktop" classname="biometrics-unification.spec.ts" time="18.333">
<failure message="biometrics-unification.spec.ts:240:5 Biometric cards render correctly on Desktop" type="FAILURE">
<![CDATA[  [chromium] › biometrics-unification.spec.ts:240:5 › Responsive Design - Mobile to Desktop › Biometric cards render correctly on Desktop 

    Error: Timed out 10000ms waiting for expect(locator).toBeVisible()

    Locator: locator('text=Biometric Monitor, text=Stress, text=Wellness Score').first()
    Expected: visible
    Received: <element(s) not found>
    Call log:
      - Expect "toBeVisible" with timeout 10000ms
      - waiting for locator('text=Biometric Monitor, text=Stress, text=Wellness Score').first()


      246 |       // Check that biometric components are visible
      247 |       const biometricElement = page.locator('text=Biometric Monitor, text=Stress, text=Wellness Score').first();
    > 248 |       await expect(biometricElement).toBeVisible();
          |                                      ^
      249 |
      250 |       // Verify cards don't overflow horizontally
      251 |       const cards = page.locator('.bg-white\\/\\[0\\.02\\]');
        at /Users/damon/liquid-spark-finance/liquid-spark-finance/e2e/biometrics-unification.spec.ts:248:38

    attachment #1: screenshot (image/png) ──────────────────────────────────────────────────────────
    test-results/biometrics-unification-Res-5623d-render-correctly-on-Desktop-chromium/test-failed-1.png
    ────────────────────────────────────────────────────────────────────────────────────────────────

    attachment #2: video (video/webm) ──────────────────────────────────────────────────────────────
    test-results/biometrics-unification-Res-5623d-render-correctly-on-Desktop-chromium/video.webm
    ────────────────────────────────────────────────────────────────────────────────────────────────

    Error Context: ../test-results/biometrics-unification-Res-5623d-render-correctly-on-Desktop-chromium/error-context.md
]]>
</failure>
<system-out>
<![CDATA[
[[ATTACHMENT|biometrics-unification-Res-5623d-render-correctly-on-Desktop-chromium/test-failed-1.png]]

[[ATTACHMENT|biometrics-unification-Res-5623d-render-correctly-on-Desktop-chromium/video.webm]]

[[ATTACHMENT|biometrics-unification-Res-5623d-render-correctly-on-Desktop-chromium/error-context.md]]
]]>
</system-out>
</testcase>
<testcase name="Responsive Design - Mobile to Desktop › Biometric cards render correctly on Large Desktop" classname="biometrics-unification.spec.ts" time="17.358">
<failure message="biometrics-unification.spec.ts:240:5 Biometric cards render correctly on Large Desktop" type="FAILURE">
<![CDATA[  [chromium] › biometrics-unification.spec.ts:240:5 › Responsive Design - Mobile to Desktop › Biometric cards render correctly on Large Desktop 

    Error: Timed out 10000ms waiting for expect(locator).toBeVisible()

    Locator: locator('text=Biometric Monitor, text=Stress, text=Wellness Score').first()
    Expected: visible
    Received: <element(s) not found>
    Call log:
      - Expect "toBeVisible" with timeout 10000ms
      - waiting for locator('text=Biometric Monitor, text=Stress, text=Wellness Score').first()


      246 |       // Check that biometric components are visible
      247 |       const biometricElement = page.locator('text=Biometric Monitor, text=Stress, text=Wellness Score').first();
    > 248 |       await expect(biometricElement).toBeVisible();
          |                                      ^
      249 |
      250 |       // Verify cards don't overflow horizontally
      251 |       const cards = page.locator('.bg-white\\/\\[0\\.02\\]');
        at /Users/damon/liquid-spark-finance/liquid-spark-finance/e2e/biometrics-unification.spec.ts:248:38

    attachment #1: screenshot (image/png) ──────────────────────────────────────────────────────────
    test-results/biometrics-unification-Res-1dbaf--correctly-on-Large-Desktop-chromium/test-failed-1.png
    ────────────────────────────────────────────────────────────────────────────────────────────────

    attachment #2: video (video/webm) ──────────────────────────────────────────────────────────────
    test-results/biometrics-unification-Res-1dbaf--correctly-on-Large-Desktop-chromium/video.webm
    ────────────────────────────────────────────────────────────────────────────────────────────────

    Error Context: ../test-results/biometrics-unification-Res-1dbaf--correctly-on-Large-Desktop-chromium/error-context.md
]]>
</failure>
<system-out>
<![CDATA[
[[ATTACHMENT|biometrics-unification-Res-1dbaf--correctly-on-Large-Desktop-chromium/test-failed-1.png]]

[[ATTACHMENT|biometrics-unification-Res-1dbaf--correctly-on-Large-Desktop-chromium/video.webm]]

[[ATTACHMENT|biometrics-unification-Res-1dbaf--correctly-on-Large-Desktop-chromium/error-context.md]]
]]>
</system-out>
</testcase>
<testcase name="Error Handling &amp; Edge Cases › Handles biometric service errors gracefully" classname="biometrics-unification.spec.ts" time="16.263">
<failure message="biometrics-unification.spec.ts:269:3 Handles biometric service errors gracefully" type="FAILURE">
<![CDATA[  [chromium] › biometrics-unification.spec.ts:269:3 › Error Handling & Edge Cases › Handles biometric service errors gracefully 

    TypeError: expect(...).toHaveLength.lessThan is not a function

      301 |       msg.includes('Error')
      302 |     );
    > 303 |     expect(criticalErrors).toHaveLength.lessThan(3); // Allow minor non-critical errors
          |                                         ^
      304 |   });
      305 |
      306 |   test('Fallback behavior when no devices connected', async ({ page }) => {
        at /Users/damon/liquid-spark-finance/liquid-spark-finance/e2e/biometrics-unification.spec.ts:303:41

    attachment #1: screenshot (image/png) ──────────────────────────────────────────────────────────
    test-results/biometrics-unification-Err-f215c-c-service-errors-gracefully-chromium/test-failed-1.png
    ────────────────────────────────────────────────────────────────────────────────────────────────

    attachment #2: video (video/webm) ──────────────────────────────────────────────────────────────
    test-results/biometrics-unification-Err-f215c-c-service-errors-gracefully-chromium/video.webm
    ────────────────────────────────────────────────────────────────────────────────────────────────

    Error Context: ../test-results/biometrics-unification-Err-f215c-c-service-errors-gracefully-chromium/error-context.md
]]>
</failure>
<system-out>
<![CDATA[
[[ATTACHMENT|biometrics-unification-Err-f215c-c-service-errors-gracefully-chromium/test-failed-1.png]]

[[ATTACHMENT|biometrics-unification-Err-f215c-c-service-errors-gracefully-chromium/video.webm]]

[[ATTACHMENT|biometrics-unification-Err-f215c-c-service-errors-gracefully-chromium/error-context.md]]
]]>
</system-out>
</testcase>
<testcase name="Error Handling &amp; Edge Cases › Fallback behavior when no devices connected" classname="biometrics-unification.spec.ts" time="8.211">
<failure message="biometrics-unification.spec.ts:306:3 Fallback behavior when no devices connected" type="FAILURE">
<![CDATA[  [chromium] › biometrics-unification.spec.ts:306:3 › Error Handling & Edge Cases › Fallback behavior when no devices connected 

    Error: expect(received).toBeTruthy()

    Received: false

      316 |     const hasNoDevicesMsg = await noDevicesMessage.isVisible();
      317 |     
    > 318 |     expect(hasDevices || hasNoDevicesMsg).toBeTruthy();
          |                                           ^
      319 |   });
      320 | }); 
        at /Users/damon/liquid-spark-finance/liquid-spark-finance/e2e/biometrics-unification.spec.ts:318:43

    attachment #1: screenshot (image/png) ──────────────────────────────────────────────────────────
    test-results/biometrics-unification-Err-3c03e-r-when-no-devices-connected-chromium/test-failed-1.png
    ────────────────────────────────────────────────────────────────────────────────────────────────

    attachment #2: video (video/webm) ──────────────────────────────────────────────────────────────
    test-results/biometrics-unification-Err-3c03e-r-when-no-devices-connected-chromium/video.webm
    ────────────────────────────────────────────────────────────────────────────────────────────────

    Error Context: ../test-results/biometrics-unification-Err-3c03e-r-when-no-devices-connected-chromium/error-context.md
]]>
</failure>
<system-out>
<![CDATA[
[[ATTACHMENT|biometrics-unification-Err-3c03e-r-when-no-devices-connected-chromium/test-failed-1.png]]

[[ATTACHMENT|biometrics-unification-Err-3c03e-r-when-no-devices-connected-chromium/video.webm]]

[[ATTACHMENT|biometrics-unification-Err-3c03e-r-when-no-devices-connected-chromium/error-context.md]]
]]>
</system-out>
</testcase>
</testsuite>
<testsuite name="biometrics-unification.spec.ts" timestamp="2025-06-19T15:50:35.686Z" hostname="firefox" tests="13" failures="13" skipped="0" time="636.797" errors="0">
<testcase name="Biometrics &amp; Wellness Unification › Dashboard renders synchronized stress and wellness metrics" classname="biometrics-unification.spec.ts" time="52.429">
<failure message="biometrics-unification.spec.ts:12:3 Dashboard renders synchronized stress and wellness metrics" type="FAILURE">
<![CDATA[  [firefox] › biometrics-unification.spec.ts:12:3 › Biometrics & Wellness Unification › Dashboard renders synchronized stress and wellness metrics 

    Error: expect.toBeVisible: Unexpected token "=" while parsing css selector "[data-testid="stress-index"], .stress-metric, text=Stress". Did you mean to CSS.escape it?
    Call log:
      - Expect "toBeVisible" with timeout 10000ms
      - waiting for [data-testid="stress-index"], .stress-metric, text=Stress >> nth=0


      16 |     // Check that stress index is present and numeric
      17 |     const stressElement = page.locator('[data-testid="stress-index"], .stress-metric, text=Stress').first();
    > 18 |     await expect(stressElement).toBeVisible();
         |                                 ^
      19 |     
      20 |     // Extract stress value - should be numeric 0-100
      21 |     const stressText = await page.locator('text=/Stress.*\\d+/').first().textContent();
        at /Users/damon/liquid-spark-finance/liquid-spark-finance/e2e/biometrics-unification.spec.ts:18:33

    attachment #1: video (video/webm) ──────────────────────────────────────────────────────────────
    test-results/biometrics-unification-Bio-7cf83-stress-and-wellness-metrics-firefox/video.webm
    ────────────────────────────────────────────────────────────────────────────────────────────────
]]>
</failure>
<system-out>
<![CDATA[
[[ATTACHMENT|biometrics-unification-Bio-7cf83-stress-and-wellness-metrics-firefox/video.webm]]
]]>
</system-out>
</testcase>
<testcase name="Biometrics &amp; Wellness Unification › Mock accounts render correctly on dashboard" classname="biometrics-unification.spec.ts" time="57.64">
<failure message="biometrics-unification.spec.ts:58:3 Mock accounts render correctly on dashboard" type="FAILURE">
<![CDATA[  [firefox] › biometrics-unification.spec.ts:58:3 › Biometrics & Wellness Unification › Mock accounts render correctly on dashboard 

    Test timeout of 30000ms exceeded.

    Error: Timed out 5000ms waiting for expect(locator).toBeVisible()

    Locator: locator('text=Linked Bank Accounts, text=Mock Mode, text=accounts').first()
    Expected: visible
    Received: <element(s) not found>
    Call log:
      - Expect "toBeVisible" with timeout 5000ms
      - waiting for locator('text=Linked Bank Accounts, text=Mock Mode, text=accounts').first()


      59 |     // Look for the LinkedAccountsCard or any account display
      60 |     const accountsSection = page.locator('text=Linked Bank Accounts, text=Mock Mode, text=accounts').first();
    > 61 |     await expect(accountsSection).toBeVisible({ timeout: 5000 });
         |                                   ^
      62 |
      63 |     // Check that we have 5 mock accounts as specified in fixture
      64 |     const accountElements = page.locator('.account-item, [data-testid="account-card"]');
        at /Users/damon/liquid-spark-finance/liquid-spark-finance/e2e/biometrics-unification.spec.ts:61:35

    attachment #1: video (video/webm) ──────────────────────────────────────────────────────────────
    test-results/biometrics-unification-Bio-4096e-nder-correctly-on-dashboard-firefox/video.webm
    ────────────────────────────────────────────────────────────────────────────────────────────────
]]>
</failure>
<system-out>
<![CDATA[
[[ATTACHMENT|biometrics-unification-Bio-4096e-nder-correctly-on-dashboard-firefox/video.webm]]
]]>
</system-out>
</testcase>
<testcase name="Biometrics &amp; Wellness Unification › Biometric cards display real-time updates" classname="biometrics-unification.spec.ts" time="55.096">
<failure message="biometrics-unification.spec.ts:95:3 Biometric cards display real-time updates" type="FAILURE">
<![CDATA[  [firefox] › biometrics-unification.spec.ts:95:3 › Biometrics & Wellness Unification › Biometric cards display real-time updates 

    Test timeout of 30000ms exceeded while running "beforeEach" hook.

      2 |
      3 | test.describe('Biometrics & Wellness Unification', () => {
    > 4 |   test.beforeEach(async ({ page }) => {
        |        ^
      5 |     // Enable mock mode for accounts
      6 |     await page.goto('/?mock=true');
      7 |     
        at /Users/damon/liquid-spark-finance/liquid-spark-finance/e2e/biometrics-unification.spec.ts:4:8

    Error: page.waitForLoadState: Test timeout of 30000ms exceeded.

       7 |     
       8 |     // Wait for the page to load completely
    >  9 |     await page.waitForLoadState('networkidle');
         |                ^
      10 |   });
      11 |
      12 |   test('Dashboard renders synchronized stress and wellness metrics', async ({ page }) => {
        at /Users/damon/liquid-spark-finance/liquid-spark-finance/e2e/biometrics-unification.spec.ts:9:16

    attachment #1: screenshot (image/png) ──────────────────────────────────────────────────────────
    test-results/biometrics-unification-Bio-8a410-s-display-real-time-updates-firefox/test-failed-1.png
    ────────────────────────────────────────────────────────────────────────────────────────────────

    attachment #2: video (video/webm) ──────────────────────────────────────────────────────────────
    test-results/biometrics-unification-Bio-8a410-s-display-real-time-updates-firefox/video.webm
    ────────────────────────────────────────────────────────────────────────────────────────────────
]]>
</failure>
<system-out>
<![CDATA[
[[ATTACHMENT|biometrics-unification-Bio-8a410-s-display-real-time-updates-firefox/test-failed-1.png]]

[[ATTACHMENT|biometrics-unification-Bio-8a410-s-display-real-time-updates-firefox/video.webm]]
]]>
</system-out>
</testcase>
<testcase name="Biometrics &amp; Wellness Unification › Wellness score card shows detailed breakdown" classname="biometrics-unification.spec.ts" time="34.904">
<failure message="biometrics-unification.spec.ts:120:3 Wellness score card shows detailed breakdown" type="FAILURE">
<![CDATA[  [firefox] › biometrics-unification.spec.ts:120:3 › Biometrics & Wellness Unification › Wellness score card shows detailed breakdown 

    Test timeout of 30000ms exceeded while running "beforeEach" hook.

      2 |
      3 | test.describe('Biometrics & Wellness Unification', () => {
    > 4 |   test.beforeEach(async ({ page }) => {
        |        ^
      5 |     // Enable mock mode for accounts
      6 |     await page.goto('/?mock=true');
      7 |     
        at /Users/damon/liquid-spark-finance/liquid-spark-finance/e2e/biometrics-unification.spec.ts:4:8

    Error: page.goto: Test timeout of 30000ms exceeded.
    Call log:
      - navigating to "http://localhost:5173/?mock=true", waiting until "load"


      4 |   test.beforeEach(async ({ page }) => {
      5 |     // Enable mock mode for accounts
    > 6 |     await page.goto('/?mock=true');
        |                ^
      7 |     
      8 |     // Wait for the page to load completely
      9 |     await page.waitForLoadState('networkidle');
        at /Users/damon/liquid-spark-finance/liquid-spark-finance/e2e/biometrics-unification.spec.ts:6:16

    attachment #1: screenshot (image/png) ──────────────────────────────────────────────────────────
    test-results/biometrics-unification-Bio-11341-rd-shows-detailed-breakdown-firefox/test-failed-1.png
    ────────────────────────────────────────────────────────────────────────────────────────────────

    attachment #2: video (video/webm) ──────────────────────────────────────────────────────────────
    test-results/biometrics-unification-Bio-11341-rd-shows-detailed-breakdown-firefox/video.webm
    ────────────────────────────────────────────────────────────────────────────────────────────────

    Error Context: ../test-results/biometrics-unification-Bio-11341-rd-shows-detailed-breakdown-firefox/error-context.md
]]>
</failure>
<system-out>
<![CDATA[
[[ATTACHMENT|biometrics-unification-Bio-11341-rd-shows-detailed-breakdown-firefox/test-failed-1.png]]

[[ATTACHMENT|biometrics-unification-Bio-11341-rd-shows-detailed-breakdown-firefox/video.webm]]

[[ATTACHMENT|biometrics-unification-Bio-11341-rd-shows-detailed-breakdown-firefox/error-context.md]]
]]>
</system-out>
</testcase>
<testcase name="Biometrics &amp; Wellness Unification › Cards maintain Eco Impact styling (dark mode)" classname="biometrics-unification.spec.ts" time="42.626">
<failure message="biometrics-unification.spec.ts:147:3 Cards maintain Eco Impact styling (dark mode)" type="FAILURE">
<![CDATA[  [firefox] › biometrics-unification.spec.ts:147:3 › Biometrics & Wellness Unification › Cards maintain Eco Impact styling (dark mode) 

    Test timeout of 30000ms exceeded.

    Error: Timed out 10000ms waiting for expect(locator).toHaveClass(expected)

    Locator: locator('body')
    Expected pattern: /bg-black|bg-gray-900/
    Received string:  ""
    Call log:
      - Expect "toHaveClass" with timeout 10000ms
      - waiting for locator('body')
        7 × locator resolved to <body>…</body>
          - unexpected value ""


      148 |     // Verify dark mode styling is applied
      149 |     const body = page.locator('body');
    > 150 |     await expect(body).toHaveClass(/bg-black|bg-gray-900/);
          |                        ^
      151 |
      152 |     // Check card styling matches Eco Impact pattern
      153 |     const cards = page.locator('.bg-white\\/\\[0\\.02\\], .bg-white\\/\\[0\\.03\\]');
        at /Users/damon/liquid-spark-finance/liquid-spark-finance/e2e/biometrics-unification.spec.ts:150:24

    attachment #1: screenshot (image/png) ──────────────────────────────────────────────────────────
    test-results/biometrics-unification-Bio-988f3-o-Impact-styling-dark-mode--firefox/test-failed-1.png
    ────────────────────────────────────────────────────────────────────────────────────────────────

    attachment #2: video (video/webm) ──────────────────────────────────────────────────────────────
    test-results/biometrics-unification-Bio-988f3-o-Impact-styling-dark-mode--firefox/video.webm
    ────────────────────────────────────────────────────────────────────────────────────────────────
]]>
</failure>
<system-out>
<![CDATA[
[[ATTACHMENT|biometrics-unification-Bio-988f3-o-Impact-styling-dark-mode--firefox/test-failed-1.png]]

[[ATTACHMENT|biometrics-unification-Bio-988f3-o-Impact-styling-dark-mode--firefox/video.webm]]
]]>
</system-out>
</testcase>
<testcase name="Biometrics &amp; Wellness Unification › Performance: synchronized metrics update within 50ms" classname="biometrics-unification.spec.ts" time="54.411">
<failure message="biometrics-unification.spec.ts:169:3 Performance: synchronized metrics update within 50ms" type="FAILURE">
<![CDATA[  [firefox] › biometrics-unification.spec.ts:169:3 › Biometrics & Wellness Unification › Performance: synchronized metrics update within 50ms 

    TypeError: expect(...).toHaveCount.atLeast is not a function

      193 |     // Verify both metrics are updated (timestamps should be close)
      194 |     const updatedElements = page.locator('text=/Updated.*\\d{1,2}:\\d{2}/');
    > 195 |     await expect(updatedElements).toHaveCount.atLeast(1);
          |                                               ^
      196 |   });
      197 |
      198 |   test('Mock accounts load with environment variable check', async ({ page }) => {
        at /Users/damon/liquid-spark-finance/liquid-spark-finance/e2e/biometrics-unification.spec.ts:195:47

    attachment #1: video (video/webm) ──────────────────────────────────────────────────────────────
    test-results/biometrics-unification-Bio-bebae--metrics-update-within-50ms-firefox/video.webm
    ────────────────────────────────────────────────────────────────────────────────────────────────
]]>
</failure>
<system-out>
<![CDATA[
[[ATTACHMENT|biometrics-unification-Bio-bebae--metrics-update-within-50ms-firefox/video.webm]]
]]>
</system-out>
</testcase>
<testcase name="Biometrics &amp; Wellness Unification › Mock accounts load with environment variable check" classname="biometrics-unification.spec.ts" time="54.421">
<failure message="biometrics-unification.spec.ts:198:3 Mock accounts load with environment variable check" type="FAILURE">
<![CDATA[  [firefox] › biometrics-unification.spec.ts:198:3 › Biometrics & Wellness Unification › Mock accounts load with environment variable check 

    Test timeout of 30000ms exceeded.

    Error: page.goto: Test timeout of 30000ms exceeded.
    Call log:
      - navigating to "http://localhost:5173/", waiting until "load"


      198 |   test('Mock accounts load with environment variable check', async ({ page }) => {
      199 |     // Test without mock mode first
    > 200 |     await page.goto('/');
          |                ^
      201 |     await page.waitForLoadState('networkidle');
      202 |
      203 |     // Should show empty state or no mock accounts
        at /Users/damon/liquid-spark-finance/liquid-spark-finance/e2e/biometrics-unification.spec.ts:200:16

    attachment #1: video (video/webm) ──────────────────────────────────────────────────────────────
    test-results/biometrics-unification-Bio-f3240--environment-variable-check-firefox/video.webm
    ────────────────────────────────────────────────────────────────────────────────────────────────
]]>
</failure>
<system-out>
<![CDATA[
[[ATTACHMENT|biometrics-unification-Bio-f3240--environment-variable-check-firefox/video.webm]]
]]>
</system-out>
</testcase>
<testcase name="Responsive Design - Mobile to Desktop › Biometric cards render correctly on Mobile" classname="biometrics-unification.spec.ts" time="51.988">
<failure message="biometrics-unification.spec.ts:240:5 Biometric cards render correctly on Mobile" type="FAILURE">
<![CDATA[  [firefox] › biometrics-unification.spec.ts:240:5 › Responsive Design - Mobile to Desktop › Biometric cards render correctly on Mobile 

    Test timeout of 30000ms exceeded.

    Error: expect(locator).toBeVisible()

    Locator: locator('text=Biometric Monitor, text=Stress, text=Wellness Score').first()
    Expected: visible
    Received: <element(s) not found>
    Call log:
      - Expect "toBeVisible" with timeout 10000ms
      - waiting for locator('text=Biometric Monitor, text=Stress, text=Wellness Score').first()


      246 |       // Check that biometric components are visible
      247 |       const biometricElement = page.locator('text=Biometric Monitor, text=Stress, text=Wellness Score').first();
    > 248 |       await expect(biometricElement).toBeVisible();
          |                                      ^
      249 |
      250 |       // Verify cards don't overflow horizontally
      251 |       const cards = page.locator('.bg-white\\/\\[0\\.02\\]');
        at /Users/damon/liquid-spark-finance/liquid-spark-finance/e2e/biometrics-unification.spec.ts:248:38

    attachment #1: video (video/webm) ──────────────────────────────────────────────────────────────
    test-results/biometrics-unification-Res-844ff--render-correctly-on-Mobile-firefox/video.webm
    ────────────────────────────────────────────────────────────────────────────────────────────────
]]>
</failure>
<system-out>
<![CDATA[
[[ATTACHMENT|biometrics-unification-Res-844ff--render-correctly-on-Mobile-firefox/video.webm]]
]]>
</system-out>
</testcase>
<testcase name="Responsive Design - Mobile to Desktop › Biometric cards render correctly on Tablet" classname="biometrics-unification.spec.ts" time="54.559">
<failure message="biometrics-unification.spec.ts:240:5 Biometric cards render correctly on Tablet" type="FAILURE">
<![CDATA[  [firefox] › biometrics-unification.spec.ts:240:5 › Responsive Design - Mobile to Desktop › Biometric cards render correctly on Tablet 

    Test timeout of 30000ms exceeded.

    Error: expect(locator).toBeVisible()

    Locator: locator('text=Biometric Monitor, text=Stress, text=Wellness Score').first()
    Expected: visible
    Received: <element(s) not found>
    Call log:
      - Expect "toBeVisible" with timeout 10000ms
      - waiting for locator('text=Biometric Monitor, text=Stress, text=Wellness Score').first()


      246 |       // Check that biometric components are visible
      247 |       const biometricElement = page.locator('text=Biometric Monitor, text=Stress, text=Wellness Score').first();
    > 248 |       await expect(biometricElement).toBeVisible();
          |                                      ^
      249 |
      250 |       // Verify cards don't overflow horizontally
      251 |       const cards = page.locator('.bg-white\\/\\[0\\.02\\]');
        at /Users/damon/liquid-spark-finance/liquid-spark-finance/e2e/biometrics-unification.spec.ts:248:38

    attachment #1: video (video/webm) ──────────────────────────────────────────────────────────────
    test-results/biometrics-unification-Res-3fd3f--render-correctly-on-Tablet-firefox/video.webm
    ────────────────────────────────────────────────────────────────────────────────────────────────
]]>
</failure>
<system-out>
<![CDATA[
[[ATTACHMENT|biometrics-unification-Res-3fd3f--render-correctly-on-Tablet-firefox/video.webm]]
]]>
</system-out>
</testcase>
<testcase name="Responsive Design - Mobile to Desktop › Biometric cards render correctly on Desktop" classname="biometrics-unification.spec.ts" time="51.883">
<failure message="biometrics-unification.spec.ts:240:5 Biometric cards render correctly on Desktop" type="FAILURE">
<![CDATA[  [firefox] › biometrics-unification.spec.ts:240:5 › Responsive Design - Mobile to Desktop › Biometric cards render correctly on Desktop 

    Test timeout of 30000ms exceeded.

    Error: page.goto: Test timeout of 30000ms exceeded.
    Call log:
      - navigating to "http://localhost:5173/?mock=true", waiting until "load"


      240 |     test(`Biometric cards render correctly on ${viewport.name}`, async ({ page }) => {
      241 |       await page.setViewportSize({ width: viewport.width, height: viewport.height });
    > 242 |       await page.goto('/?mock=true');
          |                  ^
      243 |       await page.waitForLoadState('networkidle');
      244 |       await page.waitForTimeout(2000);
      245 |
        at /Users/damon/liquid-spark-finance/liquid-spark-finance/e2e/biometrics-unification.spec.ts:242:18

    attachment #1: video (video/webm) ──────────────────────────────────────────────────────────────
    test-results/biometrics-unification-Res-5623d-render-correctly-on-Desktop-firefox/video.webm
    ────────────────────────────────────────────────────────────────────────────────────────────────

    Error Context: ../test-results/biometrics-unification-Res-5623d-render-correctly-on-Desktop-firefox/error-context.md
]]>
</failure>
<system-out>
<![CDATA[
[[ATTACHMENT|biometrics-unification-Res-5623d-render-correctly-on-Desktop-firefox/video.webm]]

[[ATTACHMENT|biometrics-unification-Res-5623d-render-correctly-on-Desktop-firefox/error-context.md]]
]]>
</system-out>
</testcase>
<testcase name="Responsive Design - Mobile to Desktop › Biometric cards render correctly on Large Desktop" classname="biometrics-unification.spec.ts" time="47.313">
<failure message="biometrics-unification.spec.ts:240:5 Biometric cards render correctly on Large Desktop" type="FAILURE">
<![CDATA[  [firefox] › biometrics-unification.spec.ts:240:5 › Responsive Design - Mobile to Desktop › Biometric cards render correctly on Large Desktop 

    Test timeout of 30000ms exceeded.

    Error: page.goto: Test timeout of 30000ms exceeded.
    Call log:
      - navigating to "http://localhost:5173/?mock=true", waiting until "load"


      240 |     test(`Biometric cards render correctly on ${viewport.name}`, async ({ page }) => {
      241 |       await page.setViewportSize({ width: viewport.width, height: viewport.height });
    > 242 |       await page.goto('/?mock=true');
          |                  ^
      243 |       await page.waitForLoadState('networkidle');
      244 |       await page.waitForTimeout(2000);
      245 |
        at /Users/damon/liquid-spark-finance/liquid-spark-finance/e2e/biometrics-unification.spec.ts:242:18

    attachment #1: video (video/webm) ──────────────────────────────────────────────────────────────
    test-results/biometrics-unification-Res-1dbaf--correctly-on-Large-Desktop-firefox/video.webm
    ────────────────────────────────────────────────────────────────────────────────────────────────
]]>
</failure>
<system-out>
<![CDATA[
[[ATTACHMENT|biometrics-unification-Res-1dbaf--correctly-on-Large-Desktop-firefox/video.webm]]
]]>
</system-out>
</testcase>
<testcase name="Error Handling &amp; Edge Cases › Handles biometric service errors gracefully" classname="biometrics-unification.spec.ts" time="46.276">
<failure message="biometrics-unification.spec.ts:269:3 Handles biometric service errors gracefully" type="FAILURE">
<![CDATA[  [firefox] › biometrics-unification.spec.ts:269:3 › Error Handling & Edge Cases › Handles biometric service errors gracefully 

    Test timeout of 30000ms exceeded.

    Error: page.goto: Test timeout of 30000ms exceeded.
    Call log:
      - navigating to "http://localhost:5173/?mock=true", waiting until "load"


      277 |     });
      278 |
    > 279 |     await page.goto('/?mock=true');
          |                ^
      280 |     await page.waitForLoadState('networkidle');
      281 |     await page.waitForTimeout(2000);
      282 |
        at /Users/damon/liquid-spark-finance/liquid-spark-finance/e2e/biometrics-unification.spec.ts:279:16

    attachment #1: video (video/webm) ──────────────────────────────────────────────────────────────
    test-results/biometrics-unification-Err-f215c-c-service-errors-gracefully-firefox/video.webm
    ────────────────────────────────────────────────────────────────────────────────────────────────
]]>
</failure>
<system-out>
<![CDATA[
[[ATTACHMENT|biometrics-unification-Err-f215c-c-service-errors-gracefully-firefox/video.webm]]
]]>
</system-out>
</testcase>
<testcase name="Error Handling &amp; Edge Cases › Fallback behavior when no devices connected" classname="biometrics-unification.spec.ts" time="33.251">
<failure message="biometrics-unification.spec.ts:306:3 Fallback behavior when no devices connected" type="FAILURE">
<![CDATA[  [firefox] › biometrics-unification.spec.ts:306:3 › Error Handling & Edge Cases › Fallback behavior when no devices connected 

    Test timeout of 30000ms exceeded while setting up "page".

    Error: browserContext.newPage: Test timeout of 30000ms exceeded.
]]>
</failure>
</testcase>
</testsuite>
<testsuite name="biometrics-unification.spec.ts" timestamp="2025-06-19T15:50:35.686Z" hostname="webkit" tests="13" failures="7" skipped="6" time="419.516" errors="0">
<testcase name="Biometrics &amp; Wellness Unification › Dashboard renders synchronized stress and wellness metrics" classname="biometrics-unification.spec.ts" time="60.111">
<failure message="biometrics-unification.spec.ts:12:3 Dashboard renders synchronized stress and wellness metrics" type="FAILURE">
<![CDATA[  [webkit] › biometrics-unification.spec.ts:12:3 › Biometrics & Wellness Unification › Dashboard renders synchronized stress and wellness metrics 

    Test timeout of 30000ms exceeded while running "beforeEach" hook.

      2 |
      3 | test.describe('Biometrics & Wellness Unification', () => {
    > 4 |   test.beforeEach(async ({ page }) => {
        |        ^
      5 |     // Enable mock mode for accounts
      6 |     await page.goto('/?mock=true');
      7 |     
        at /Users/damon/liquid-spark-finance/liquid-spark-finance/e2e/biometrics-unification.spec.ts:4:8

    TimeoutError: page.goto: Timeout 30000ms exceeded.
    Call log:
      - navigating to "http://localhost:5173/?mock=true", waiting until "load"


      4 |   test.beforeEach(async ({ page }) => {
      5 |     // Enable mock mode for accounts
    > 6 |     await page.goto('/?mock=true');
        |                ^
      7 |     
      8 |     // Wait for the page to load completely
      9 |     await page.waitForLoadState('networkidle');
        at /Users/damon/liquid-spark-finance/liquid-spark-finance/e2e/biometrics-unification.spec.ts:6:16

    Tearing down "context" exceeded the test timeout of 30000ms.

    Error Context: ../test-results/biometrics-unification-Bio-7cf83-stress-and-wellness-metrics-webkit/error-context.md
]]>
</failure>
<system-out>
<![CDATA[
[[ATTACHMENT|biometrics-unification-Bio-7cf83-stress-and-wellness-metrics-webkit/error-context.md]]
]]>
</system-out>
</testcase>
<testcase name="Biometrics &amp; Wellness Unification › Mock accounts render correctly on dashboard" classname="biometrics-unification.spec.ts" time="60.115">
<failure message="biometrics-unification.spec.ts:58:3 Mock accounts render correctly on dashboard" type="FAILURE">
<![CDATA[  [webkit] › biometrics-unification.spec.ts:58:3 › Biometrics & Wellness Unification › Mock accounts render correctly on dashboard 

    Test timeout of 30000ms exceeded while running "beforeEach" hook.

      2 |
      3 | test.describe('Biometrics & Wellness Unification', () => {
    > 4 |   test.beforeEach(async ({ page }) => {
        |        ^
      5 |     // Enable mock mode for accounts
      6 |     await page.goto('/?mock=true');
      7 |     
        at /Users/damon/liquid-spark-finance/liquid-spark-finance/e2e/biometrics-unification.spec.ts:4:8

    Tearing down "context" exceeded the test timeout of 30000ms.

    Error Context: ../test-results/biometrics-unification-Bio-4096e-nder-correctly-on-dashboard-webkit/error-context.md
]]>
</failure>
<system-out>
<![CDATA[
[[ATTACHMENT|biometrics-unification-Bio-4096e-nder-correctly-on-dashboard-webkit/error-context.md]]
]]>
</system-out>
</testcase>
<testcase name="Biometrics &amp; Wellness Unification › Biometric cards display real-time updates" classname="biometrics-unification.spec.ts" time="60.039">
<failure message="biometrics-unification.spec.ts:95:3 Biometric cards display real-time updates" type="FAILURE">
<![CDATA[  [webkit] › biometrics-unification.spec.ts:95:3 › Biometrics & Wellness Unification › Biometric cards display real-time updates 

    Test timeout of 30000ms exceeded while running "beforeEach" hook.

      2 |
      3 | test.describe('Biometrics & Wellness Unification', () => {
    > 4 |   test.beforeEach(async ({ page }) => {
        |        ^
      5 |     // Enable mock mode for accounts
      6 |     await page.goto('/?mock=true');
      7 |     
        at /Users/damon/liquid-spark-finance/liquid-spark-finance/e2e/biometrics-unification.spec.ts:4:8

    Tearing down "context" exceeded the test timeout of 30000ms.

    Error Context: ../test-results/biometrics-unification-Bio-8a410-s-display-real-time-updates-webkit/error-context.md
]]>
</failure>
<system-out>
<![CDATA[
[[ATTACHMENT|biometrics-unification-Bio-8a410-s-display-real-time-updates-webkit/error-context.md]]
]]>
</system-out>
</testcase>
<testcase name="Biometrics &amp; Wellness Unification › Wellness score card shows detailed breakdown" classname="biometrics-unification.spec.ts" time="63.462">
<failure message="biometrics-unification.spec.ts:120:3 Wellness score card shows detailed breakdown" type="FAILURE">
<![CDATA[  [webkit] › biometrics-unification.spec.ts:120:3 › Biometrics & Wellness Unification › Wellness score card shows detailed breakdown 

    Test timeout of 30000ms exceeded.

    Error: Timed out 10000ms waiting for expect(locator).toBeVisible()

    Locator: locator('text=Wellness Score').locator('..').locator('..')
    Expected: visible
    Received: <element(s) not found>
    Call log:
      - Expect "toBeVisible" with timeout 10000ms
      - waiting for locator('text=Wellness Score').locator('..').locator('..')


      124 |     // Find wellness score card
      125 |     const wellnessCard = page.locator('text=Wellness Score').locator('..').locator('..');
    > 126 |     await expect(wellnessCard).toBeVisible();
          |                                ^
      127 |
      128 |     // Check for circular progress indicator
      129 |     const circularProgress = page.locator('svg circle[stroke-dasharray]');
        at /Users/damon/liquid-spark-finance/liquid-spark-finance/e2e/biometrics-unification.spec.ts:126:32

    Tearing down "context" exceeded the test timeout of 30000ms.

    Error: browserContext._wrapApiCall: Test timeout of 30000ms exceeded.
    Browser logs:

    <launching> /Users/damon/Library/Caches/ms-playwright/webkit-2182/pw_run.sh --inspector-pipe --headless --no-startup-window
    <launched> pid=1297
    [pid=1297] <gracefully close start>
    [pid=1297] <process did exit: exitCode=0, signal=null>
    [pid=1297] starting temporary directories cleanup
]]>
</failure>
</testcase>
<testcase name="Biometrics &amp; Wellness Unification › Cards maintain Eco Impact styling (dark mode)" classname="biometrics-unification.spec.ts" time="64.905">
<failure message="biometrics-unification.spec.ts:147:3 Cards maintain Eco Impact styling (dark mode)" type="FAILURE">
<![CDATA[  [webkit] › biometrics-unification.spec.ts:147:3 › Biometrics & Wellness Unification › Cards maintain Eco Impact styling (dark mode) 

    Test timeout of 30000ms exceeded.

    Error: Timed out 10000ms waiting for expect(locator).toHaveClass(expected)

    Locator: locator('body')
    Expected pattern: /bg-black|bg-gray-900/
    Received string:  ""
    Call log:
      - Expect "toHaveClass" with timeout 10000ms
      - waiting for locator('body')
        7 × locator resolved to <body>…</body>
          - unexpected value ""


      148 |     // Verify dark mode styling is applied
      149 |     const body = page.locator('body');
    > 150 |     await expect(body).toHaveClass(/bg-black|bg-gray-900/);
          |                        ^
      151 |
      152 |     // Check card styling matches Eco Impact pattern
      153 |     const cards = page.locator('.bg-white\\/\\[0\\.02\\], .bg-white\\/\\[0\\.03\\]');
        at /Users/damon/liquid-spark-finance/liquid-spark-finance/e2e/biometrics-unification.spec.ts:150:24
]]>
</failure>
</testcase>
<testcase name="Biometrics &amp; Wellness Unification › Performance: synchronized metrics update within 50ms" classname="biometrics-unification.spec.ts" time="57.034">
<failure message="biometrics-unification.spec.ts:169:3 Performance: synchronized metrics update within 50ms" type="FAILURE">
<![CDATA[  [webkit] › biometrics-unification.spec.ts:169:3 › Biometrics & Wellness Unification › Performance: synchronized metrics update within 50ms 

    TypeError: expect(...).toHaveCount.atLeast is not a function

      193 |     // Verify both metrics are updated (timestamps should be close)
      194 |     const updatedElements = page.locator('text=/Updated.*\\d{1,2}:\\d{2}/');
    > 195 |     await expect(updatedElements).toHaveCount.atLeast(1);
          |                                               ^
      196 |   });
      197 |
      198 |   test('Mock accounts load with environment variable check', async ({ page }) => {
        at /Users/damon/liquid-spark-finance/liquid-spark-finance/e2e/biometrics-unification.spec.ts:195:47
]]>
</failure>
</testcase>
<testcase name="Biometrics &amp; Wellness Unification › Mock accounts load with environment variable check" classname="biometrics-unification.spec.ts" time="53.85">
<failure message="biometrics-unification.spec.ts:198:3 Mock accounts load with environment variable check" type="FAILURE">
<![CDATA[  [webkit] › biometrics-unification.spec.ts:198:3 › Biometrics & Wellness Unification › Mock accounts load with environment variable check 

    Test timeout of 30000ms exceeded while running "beforeEach" hook.

      2 |
      3 | test.describe('Biometrics & Wellness Unification', () => {
    > 4 |   test.beforeEach(async ({ page }) => {
        |        ^
      5 |     // Enable mock mode for accounts
      6 |     await page.goto('/?mock=true');
      7 |     
        at /Users/damon/liquid-spark-finance/liquid-spark-finance/e2e/biometrics-unification.spec.ts:4:8

    TimeoutError: page.goto: Timeout 30000ms exceeded.
    Call log:
      - navigating to "http://localhost:5173/?mock=true", waiting until "load"


      4 |   test.beforeEach(async ({ page }) => {
      5 |     // Enable mock mode for accounts
    > 6 |     await page.goto('/?mock=true');
        |                ^
      7 |     
      8 |     // Wait for the page to load completely
      9 |     await page.waitForLoadState('networkidle');
        at /Users/damon/liquid-spark-finance/liquid-spark-finance/e2e/biometrics-unification.spec.ts:6:16
]]>
</failure>
</testcase>
<testcase name="Responsive Design - Mobile to Desktop › Biometric cards render correctly on Mobile" classname="biometrics-unification.spec.ts" time="0">
<skipped>
</skipped>
</testcase>
<testcase name="Responsive Design - Mobile to Desktop › Biometric cards render correctly on Tablet" classname="biometrics-unification.spec.ts" time="0">
<skipped>
</skipped>
</testcase>
<testcase name="Responsive Design - Mobile to Desktop › Biometric cards render correctly on Desktop" classname="biometrics-unification.spec.ts" time="0">
<skipped>
</skipped>
</testcase>
<testcase name="Responsive Design - Mobile to Desktop › Biometric cards render correctly on Large Desktop" classname="biometrics-unification.spec.ts" time="0">
<skipped>
</skipped>
</testcase>
<testcase name="Error Handling &amp; Edge Cases › Handles biometric service errors gracefully" classname="biometrics-unification.spec.ts" time="0">
<skipped>
</skipped>
</testcase>
<testcase name="Error Handling &amp; Edge Cases › Fallback behavior when no devices connected" classname="biometrics-unification.spec.ts" time="0">
<skipped>
</skipped>
</testcase>
</testsuite>
<testsuite name="biometrics-unification.spec.ts" timestamp="2025-06-19T15:50:35.686Z" hostname="Mobile Chrome" tests="13" failures="0" skipped="13" time="0" errors="0">
<testcase name="Biometrics &amp; Wellness Unification › Dashboard renders synchronized stress and wellness metrics" classname="biometrics-unification.spec.ts" time="0">
<skipped>
</skipped>
</testcase>
<testcase name="Biometrics &amp; Wellness Unification › Mock accounts render correctly on dashboard" classname="biometrics-unification.spec.ts" time="0">
<skipped>
</skipped>
</testcase>
<testcase name="Biometrics &amp; Wellness Unification › Biometric cards display real-time updates" classname="biometrics-unification.spec.ts" time="0">
<skipped>
</skipped>
</testcase>
<testcase name="Biometrics &amp; Wellness Unification › Wellness score card shows detailed breakdown" classname="biometrics-unification.spec.ts" time="0">
<skipped>
</skipped>
</testcase>
<testcase name="Biometrics &amp; Wellness Unification › Cards maintain Eco Impact styling (dark mode)" classname="biometrics-unification.spec.ts" time="0">
<skipped>
</skipped>
</testcase>
<testcase name="Biometrics &amp; Wellness Unification › Performance: synchronized metrics update within 50ms" classname="biometrics-unification.spec.ts" time="0">
<skipped>
</skipped>
</testcase>
<testcase name="Biometrics &amp; Wellness Unification › Mock accounts load with environment variable check" classname="biometrics-unification.spec.ts" time="0">
<skipped>
</skipped>
</testcase>
<testcase name="Responsive Design - Mobile to Desktop › Biometric cards render correctly on Mobile" classname="biometrics-unification.spec.ts" time="0">
<skipped>
</skipped>
</testcase>
<testcase name="Responsive Design - Mobile to Desktop › Biometric cards render correctly on Tablet" classname="biometrics-unification.spec.ts" time="0">
<skipped>
</skipped>
</testcase>
<testcase name="Responsive Design - Mobile to Desktop › Biometric cards render correctly on Desktop" classname="biometrics-unification.spec.ts" time="0">
<skipped>
</skipped>
</testcase>
<testcase name="Responsive Design - Mobile to Desktop › Biometric cards render correctly on Large Desktop" classname="biometrics-unification.spec.ts" time="0">
<skipped>
</skipped>
</testcase>
<testcase name="Error Handling &amp; Edge Cases › Handles biometric service errors gracefully" classname="biometrics-unification.spec.ts" time="0">
<skipped>
</skipped>
</testcase>
<testcase name="Error Handling &amp; Edge Cases › Fallback behavior when no devices connected" classname="biometrics-unification.spec.ts" time="0">
<skipped>
</skipped>
</testcase>
</testsuite>
<testsuite name="biometrics-unification.spec.ts" timestamp="2025-06-19T15:50:35.686Z" hostname="Mobile Safari" tests="13" failures="0" skipped="13" time="0" errors="0">
<testcase name="Biometrics &amp; Wellness Unification › Dashboard renders synchronized stress and wellness metrics" classname="biometrics-unification.spec.ts" time="0">
<skipped>
</skipped>
</testcase>
<testcase name="Biometrics &amp; Wellness Unification › Mock accounts render correctly on dashboard" classname="biometrics-unification.spec.ts" time="0">
<skipped>
</skipped>
</testcase>
<testcase name="Biometrics &amp; Wellness Unification › Biometric cards display real-time updates" classname="biometrics-unification.spec.ts" time="0">
<skipped>
</skipped>
</testcase>
<testcase name="Biometrics &amp; Wellness Unification › Wellness score card shows detailed breakdown" classname="biometrics-unification.spec.ts" time="0">
<skipped>
</skipped>
</testcase>
<testcase name="Biometrics &amp; Wellness Unification › Cards maintain Eco Impact styling (dark mode)" classname="biometrics-unification.spec.ts" time="0">
<skipped>
</skipped>
</testcase>
<testcase name="Biometrics &amp; Wellness Unification › Performance: synchronized metrics update within 50ms" classname="biometrics-unification.spec.ts" time="0">
<skipped>
</skipped>
</testcase>
<testcase name="Biometrics &amp; Wellness Unification › Mock accounts load with environment variable check" classname="biometrics-unification.spec.ts" time="0">
<skipped>
</skipped>
</testcase>
<testcase name="Responsive Design - Mobile to Desktop › Biometric cards render correctly on Mobile" classname="biometrics-unification.spec.ts" time="0">
<skipped>
</skipped>
</testcase>
<testcase name="Responsive Design - Mobile to Desktop › Biometric cards render correctly on Tablet" classname="biometrics-unification.spec.ts" time="0">
<skipped>
</skipped>
</testcase>
<testcase name="Responsive Design - Mobile to Desktop › Biometric cards render correctly on Desktop" classname="biometrics-unification.spec.ts" time="0">
<skipped>
</skipped>
</testcase>
<testcase name="Responsive Design - Mobile to Desktop › Biometric cards render correctly on Large Desktop" classname="biometrics-unification.spec.ts" time="0">
<skipped>
</skipped>
</testcase>
<testcase name="Error Handling &amp; Edge Cases › Handles biometric service errors gracefully" classname="biometrics-unification.spec.ts" time="0">
<skipped>
</skipped>
</testcase>
<testcase name="Error Handling &amp; Edge Cases › Fallback behavior when no devices connected" classname="biometrics-unification.spec.ts" time="0">
<skipped>
</skipped>
</testcase>
</testsuite>
</testsuites>